Clic sur le bouton Lancer Recherche
Groupe : g2202
Groupe : g2201
Lecture pour le groupe g2202
Lecture pour le groupe g2201
(3369) g2201  (attend 10 secondes)
(3368) g2202  (attend 6 secondes)
Fils avec PID 3368 terminé avec le code : 6
---6---
Fils avec PID 3369 terminé avec le code : 10
---10---
Tous les fils ont terminé.
Clic sur le bouton Lancer Recherche
Groupe : g2202
Lecture pour le groupe g2202
Groupe : g2201
Lecture pour le groupe g2201
(3372) g2202  (attend 6 secondes)
(3373) g2201  (attend 10 secondes)
Fils avec PID 3372 terminé avec le code : 6
---6---
Fils avec PID 3373 terminé avec le code : 10
---10---
Tous les fils ont terminé.
Clic sur le bouton Vider
Tous les champs ont été vidés.
Clic sur le bouton Quitter
Clic sur le bouton Lancer Recherche
Groupe : g2202
Lecture pour le groupe g2202
(3387) g2202  (attend 6 secondes)
Fils avec PID 3387 terminé avec le code : 6
---6---
Tous les fils ont terminé.
Clic sur le bouton Vider
Tous les champs ont été vidés.
Clic sur le bouton Quitter
Clic sur le bouton Lancer Recherche
Groupe : g2202
Lecture pour le groupe g2202
(3529) g2202  (attend 6 secondes)
Fils avec PID 3529 terminé avec le code : 6
---6---
Tous les fils ont terminé.
Clic sur le bouton Vider
Tous les champs ont été vidés.
Clic sur le bouton Lancer Recherche
Groupe : g2203
Lecture pour le groupe g2203
(3584) g2203  (attend 8 secondes)
Fils avec PID 3584 terminé avec le code : 8
---8---
Tous les fils ont terminé.
Clic sur le bouton Lancer Recherche
Groupe : g2202
Lecture pour le groupe g2202
(3641) g2202  (attend 6 secondes)
Fils avec PID 3641 terminé avec le code : 6
---6---
Tous les fils ont terminé.
Clic sur le bouton Lancer Recherche
Groupe : g2202
Lecture pour le groupe g2202
(3642) g2202  (attend 6 secondes)
Fils avec PID 3642 terminé avec le code : 6
---6---
Tous les fils ont terminé.
Clic sur le bouton Lancer Recherche
Groupe : g2202
Lecture pour le groupe g2202
(3645) g2202  (attend 6 secondes)
Fils avec PID 3645 terminé avec le code : 6
---6---
Tous les fils ont terminé.
Clic sur le bouton Lancer Recherche
Groupe : g2202
Lecture pour le groupe g2202
(3655) g2202  (attend 6 secondes)
Fils avec PID 3655 terminé avec le code : 6
---6---
Tous les fils ont terminé.
Clic sur le bouton Lancer Recherche
Groupe : g2202
Lecture pour le groupe g2202
(3656) g2202  (attend 6 secondes)
Fils avec PID 3656 terminé avec le code : 6
---6---
Tous les fils ont terminé.
Clic sur le bouton Lancer Recherche
Groupe : g2202
Lecture pour le groupe g2202
(3657) g2202  (attend 6 secondes)
Fils avec PID 3657 terminé avec le code : 6
---6---
Tous les fils ont terminé.
Clic sur le bouton Lancer Recherche
Groupe : g2202
Lecture pour le groupe g2202
(3658) g2202  (attend 6 secondes)
Fils avec PID 3658 terminé avec le code : 6
---6---
Tous les fils ont terminé.
Clic sur le bouton Lancer Recherche
Groupe : g2202
Lecture pour le groupe g2202
(3659) g2202  (attend 6 secondes)
Fils avec PID 3659 terminé avec le code : 6
---6---
Tous les fils ont terminé.
Clic sur le bouton Vider
Tous les champs ont été vidés.
Clic sur le bouton Vider
Tous les champs ont été vidés.
Clic sur le bouton Vider
Tous les champs ont été vidés.
Clic sur le bouton Quitter
